2024-08-31T13:07:04.477+05:30  INFO 20960 --- [restartedMain] com.MainAcademy                          : Starting MainAcademy using Java 17.0.7 with PID 20960 (C:\Users\dell\capstone-project\Academy-ms\target\classes started by dell in C:\Users\dell\capstone-project\Academy-ms)
2024-08-31T13:07:04.504+05:30  INFO 20960 --- [restartedMain] com.MainAcademy                          : No active profile set, falling back to 1 default profile: "default"
2024-08-31T13:07:04.604+05:30  INFO 20960 --- [restartedMain] .e.DevToolsPropertyDefaultsPostProcessor : Devtools property defaults active! Set 'spring.devtools.add-properties' to 'false' to disable
2024-08-31T13:07:04.606+05:30  INFO 20960 --- [restartedMain] .e.DevToolsPropertyDefaultsPostProcessor : For additional web related logging consider setting the 'logging.level.web' property to 'DEBUG'
2024-08-31T13:07:07.243+05:30  INFO 20960 --- [restartedMain] .s.d.r.c.RepositoryConfigurationDelegate : Bootstrapping Spring Data JPA repositories in DEFAULT mode.
2024-08-31T13:07:07.937+05:30  INFO 20960 --- [restartedMain] .s.d.r.c.RepositoryConfigurationDelegate : Finished Spring Data repository scanning in 681 ms. Found 1 JPA repository interfaces.
2024-08-31T13:07:08.344+05:30  INFO 20960 --- [restartedMain] o.s.cloud.context.scope.GenericScope     : BeanFactory id=368d1be7-3993-37b9-8426-81d0b8de8983
2024-08-31T13:07:09.283+05:30  INFO 20960 --- [restartedMain] o.s.b.w.embedded.tomcat.TomcatWebServer  : Tomcat initialized with port(s): 9001 (http)
2024-08-31T13:07:09.294+05:30  INFO 20960 --- [restartedMain] o.apache.catalina.core.StandardService   : Starting service [Tomcat]
2024-08-31T13:07:09.294+05:30  INFO 20960 --- [restartedMain] o.apache.catalina.core.StandardEngine    : Starting Servlet engine: [Apache Tomcat/10.1.8]
2024-08-31T13:07:09.374+05:30  INFO 20960 --- [restartedMain] o.a.c.c.C.[Tomcat].[localhost].[/]       : Initializing Spring embedded WebApplicationContext
2024-08-31T13:07:09.374+05:30  INFO 20960 --- [restartedMain] w.s.c.ServletWebServerApplicationContext : Root WebApplicationContext: initialization completed in 4767 ms
2024-08-31T13:07:09.635+05:30  INFO 20960 --- [restartedMain] com.zaxxer.hikari.HikariDataSource       : HikariPool-1 - Starting...
2024-08-31T13:07:10.057+05:30  INFO 20960 --- [restartedMain] com.zaxxer.hikari.pool.HikariPool        : HikariPool-1 - Added connection com.mysql.cj.jdbc.ConnectionImpl@1b8829ea
2024-08-31T13:07:10.060+05:30  INFO 20960 --- [restartedMain] com.zaxxer.hikari.HikariDataSource       : HikariPool-1 - Start completed.
2024-08-31T13:07:10.133+05:30  INFO 20960 --- [restartedMain] o.hibernate.jpa.internal.util.LogHelper  : HHH000204: Processing PersistenceUnitInfo [name: default]
2024-08-31T13:07:10.320+05:30  INFO 20960 --- [restartedMain] org.hibernate.Version                    : HHH000412: Hibernate ORM core version 6.2.2.Final
2024-08-31T13:07:10.328+05:30  INFO 20960 --- [restartedMain] org.hibernate.cfg.Environment            : HHH000406: Using bytecode reflection optimizer
2024-08-31T13:07:10.594+05:30  INFO 20960 --- [restartedMain] o.h.b.i.BytecodeProviderInitiator        : HHH000021: Bytecode provider name : bytebuddy
2024-08-31T13:07:10.788+05:30  INFO 20960 --- [restartedMain] o.s.o.j.p.SpringPersistenceUnitInfo      : No LoadTimeWeaver setup: ignoring JPA class transformer
2024-08-31T13:07:10.915+05:30  INFO 20960 --- [restartedMain] org.hibernate.orm.dialect                : HHH035001: Using dialect: org.hibernate.dialect.MySQL8Dialect, version: 8.0
2024-08-31T13:07:10.922+05:30  WARN 20960 --- [restartedMain] org.hibernate.orm.deprecation            : HHH90000026: MySQL8Dialect has been deprecated; use org.hibernate.dialect.MySQLDialect instead
2024-08-31T13:07:11.184+05:30  INFO 20960 --- [restartedMain] o.h.b.i.BytecodeProviderInitiator        : HHH000021: Bytecode provider name : bytebuddy
2024-08-31T13:07:11.708+05:30  INFO 20960 --- [restartedMain] o.h.e.t.j.p.i.JtaPlatformInitiator       : HHH000490: Using JtaPlatform implementation: [org.hibernate.engine.transaction.jta.platform.internal.NoJtaPlatform]
2024-08-31T13:07:11.712+05:30  INFO 20960 --- [restartedMain] j.LocalContainerEntityManagerFactoryBean : Initialized JPA EntityManagerFactory for persistence unit 'default'
2024-08-31T13:07:12.309+05:30  WARN 20960 --- [restartedMain] JpaBaseConfiguration$JpaWebConfiguration : spring.jpa.open-in-view is enabled by default. Therefore, database queries may be performed during view rendering. Explicitly configure spring.jpa.open-in-view to disable this warning
2024-08-31T13:07:13.128+05:30  INFO 20960 --- [restartedMain] o.s.b.d.a.OptionalLiveReloadServer       : LiveReload server is running on port 35729
2024-08-31T13:07:13.236+05:30  INFO 20960 --- [restartedMain] DiscoveryClientOptionalArgsConfiguration : Eureka HTTP Client uses RestTemplate.
2024-08-31T13:07:13.412+05:30  WARN 20960 --- [restartedMain] iguration$LoadBalancerCaffeineWarnLogger : Spring Cloud LoadBalancer is currently working with the default cache. While this cache implementation is useful for development and tests, it's recommended to use Caffeine cache in production.You can switch to using Caffeine cache, by adding it and org.springframework.cache.caffeine.CaffeineCacheManager to the classpath.
2024-08-31T13:07:13.457+05:30  INFO 20960 --- [restartedMain] o.s.c.n.eureka.InstanceInfoFactory       : Setting initial instance status as: STARTING
2024-08-31T13:07:13.614+05:30  INFO 20960 --- [restartedMain] com.netflix.discovery.DiscoveryClient    : Initializing Eureka in region us-east-1
2024-08-31T13:07:13.620+05:30  INFO 20960 --- [restartedMain] c.n.d.s.r.aws.ConfigClusterResolver      : Resolving eureka endpoints via configuration
2024-08-31T13:07:13.645+05:30  INFO 20960 --- [restartedMain] com.netflix.discovery.DiscoveryClient    : Disable delta property : false
2024-08-31T13:07:13.645+05:30  INFO 20960 --- [restartedMain] com.netflix.discovery.DiscoveryClient    : Single vip registry refresh property : null
2024-08-31T13:07:13.645+05:30  INFO 20960 --- [restartedMain] com.netflix.discovery.DiscoveryClient    : Force full registry fetch : false
2024-08-31T13:07:13.645+05:30  INFO 20960 --- [restartedMain] com.netflix.discovery.DiscoveryClient    : Application is null : false
2024-08-31T13:07:13.645+05:30  INFO 20960 --- [restartedMain] com.netflix.discovery.DiscoveryClient    : Registered Applications size is zero : true
2024-08-31T13:07:13.646+05:30  INFO 20960 --- [restartedMain] com.netflix.discovery.DiscoveryClient    : Application version is -1: true
2024-08-31T13:07:13.646+05:30  INFO 20960 --- [restartedMain] com.netflix.discovery.DiscoveryClient    : Getting all instance registry info from the eureka server
2024-08-31T13:07:14.217+05:30  INFO 20960 --- [restartedMain] com.netflix.discovery.DiscoveryClient    : The response status is 200
2024-08-31T13:07:14.218+05:30  INFO 20960 --- [restartedMain] com.netflix.discovery.DiscoveryClient    : Starting heartbeat executor: renew interval is: 30
2024-08-31T13:07:14.221+05:30  INFO 20960 --- [restartedMain] c.n.discovery.InstanceInfoReplicator     : InstanceInfoReplicator onDemand update allowed rate per min is 4
2024-08-31T13:07:14.229+05:30  INFO 20960 --- [restartedMain] com.netflix.discovery.DiscoveryClient    : Discovery Client initialized at timestamp 1725089834226 with initial instances count: 0
2024-08-31T13:07:14.233+05:30  INFO 20960 --- [restartedMain] o.s.c.n.e.s.EurekaServiceRegistry        : Registering application ACADEMYMS with eureka with status UP
2024-08-31T13:07:14.234+05:30  INFO 20960 --- [restartedMain] com.netflix.discovery.DiscoveryClient    : Saw local status change event StatusChangeEvent [timestamp=1725089834234, current=UP, previous=STARTING]
2024-08-31T13:07:14.237+05:30  INFO 20960 --- [DiscoveryClient-InstanceInfoReplicator-0] com.netflix.discovery.DiscoveryClient    : DiscoveryClient_ACADEMYMS/DESKTOP-98QL2KV.www.stelfiber.in:academyms:9001: registering service...
2024-08-31T13:07:14.289+05:30  INFO 20960 --- [restartedMain] o.s.b.w.embedded.tomcat.TomcatWebServer  : Tomcat started on port(s): 9001 (http) with context path ''
2024-08-31T13:07:14.291+05:30  INFO 20960 --- [restartedMain] .s.c.n.e.s.EurekaAutoServiceRegistration : Updating port to 9001
2024-08-31T13:07:14.388+05:30  INFO 20960 --- [restartedMain] com.MainAcademy                          : Started MainAcademy in 10.589 seconds (process running for 11.307)
2024-08-31T13:07:14.435+05:30  INFO 20960 --- [DiscoveryClient-InstanceInfoReplicator-0] com.netflix.discovery.DiscoveryClient    : DiscoveryClient_ACADEMYMS/DESKTOP-98QL2KV.www.stelfiber.in:academyms:9001 - registration status: 204
2024-08-31T13:07:44.229+05:30  INFO 20960 --- [DiscoveryClient-CacheRefreshExecutor-0] com.netflix.discovery.DiscoveryClient    : Disable delta property : false
2024-08-31T13:07:44.230+05:30  INFO 20960 --- [DiscoveryClient-CacheRefreshExecutor-0] com.netflix.discovery.DiscoveryClient    : Single vip registry refresh property : null
2024-08-31T13:07:44.231+05:30  INFO 20960 --- [DiscoveryClient-CacheRefreshExecutor-0] com.netflix.discovery.DiscoveryClient    : Force full registry fetch : false
2024-08-31T13:07:44.231+05:30  INFO 20960 --- [DiscoveryClient-CacheRefreshExecutor-0] com.netflix.discovery.DiscoveryClient    : Application is null : false
2024-08-31T13:07:44.231+05:30  INFO 20960 --- [DiscoveryClient-CacheRefreshExecutor-0] com.netflix.discovery.DiscoveryClient    : Registered Applications size is zero : true
2024-08-31T13:07:44.232+05:30  INFO 20960 --- [DiscoveryClient-CacheRefreshExecutor-0] com.netflix.discovery.DiscoveryClient    : Application version is -1: false
2024-08-31T13:07:44.232+05:30  INFO 20960 --- [DiscoveryClient-CacheRefreshExecutor-0] com.netflix.discovery.DiscoveryClient    : Getting all instance registry info from the eureka server
2024-08-31T13:07:44.247+05:30  INFO 20960 --- [DiscoveryClient-CacheRefreshExecutor-0] com.netflix.discovery.DiscoveryClient    : The response status is 200
2024-08-31T13:08:50.300+05:30  INFO 20960 --- [http-nio-9001-exec-1] o.a.c.c.C.[Tomcat].[localhost].[/]       : Initializing Spring DispatcherServlet 'dispatcherServlet'
2024-08-31T13:08:50.300+05:30  INFO 20960 --- [http-nio-9001-exec-1] o.s.web.servlet.DispatcherServlet        : Initializing Servlet 'dispatcherServlet'
2024-08-31T13:08:50.300+05:30  INFO 20960 --- [http-nio-9001-exec-1] o.s.web.servlet.DispatcherServlet        : Completed initialization in 0 ms
2024-08-31T13:08:50.347+05:30  INFO 20960 --- [http-nio-9001-exec-1] com.controller.AcademyController         : Academies by sportType called:
2024-08-31T13:08:50.618+05:30 DEBUG 20960 --- [http-nio-9001-exec-1] org.hibernate.SQL                        : 
    select
        a1_0.academyid,
        a1_0.academy_name,
        a1_0.descriptions,
        a1_0.email,
        a1_0.location,
        a1_0.sports_type 
    from
        academy a1_0 
    where
        a1_0.sports_type=?
2024-08-31T13:08:50.713+05:30  INFO 20960 --- [http-nio-9001-exec-1] com.controller.AcademyController         : Returning response with status 200 OK for sport type: tennis
2024-08-31T13:12:13.650+05:30  INFO 20960 --- [AsyncResolver-bootstrap-executor-0] c.n.d.s.r.aws.ConfigClusterResolver      : Resolving eureka endpoints via configuration
2024-08-31T13:17:13.656+05:30  INFO 20960 --- [AsyncResolver-bootstrap-executor-0] c.n.d.s.r.aws.ConfigClusterResolver      : Resolving eureka endpoints via configuration
2024-08-31T13:22:13.667+05:30  INFO 20960 --- [AsyncResolver-bootstrap-executor-0] c.n.d.s.r.aws.ConfigClusterResolver      : Resolving eureka endpoints via configuration
2024-08-31T13:27:13.683+05:30  INFO 20960 --- [AsyncResolver-bootstrap-executor-0] c.n.d.s.r.aws.ConfigClusterResolver      : Resolving eureka endpoints via configuration
2024-08-31T13:32:13.699+05:30  INFO 20960 --- [AsyncResolver-bootstrap-executor-0] c.n.d.s.r.aws.ConfigClusterResolver      : Resolving eureka endpoints via configuration
2024-08-31T13:37:13.703+05:30  INFO 20960 --- [AsyncResolver-bootstrap-executor-0] c.n.d.s.r.aws.ConfigClusterResolver      : Resolving eureka endpoints via configuration
2024-08-31T13:42:13.711+05:30  INFO 20960 --- [AsyncResolver-bootstrap-executor-0] c.n.d.s.r.aws.ConfigClusterResolver      : Resolving eureka endpoints via configuration
2024-08-31T13:43:43.769+05:30  INFO 20960 --- [http-nio-9001-exec-6] o.springdoc.api.AbstractOpenApiResource  : Init duration for springdoc-openapi is: 7783 ms
