2024-08-31T13:15:27.378+05:30  INFO 1028 --- [restartedMain] com.MainLearner                          : Starting MainLearner using Java 17.0.7 with PID 1028 (C:\Users\dell\capstone-project\Learner-ms\target\classes started by dell in C:\Users\dell\capstone-project\Learner-ms)
2024-08-31T13:15:27.394+05:30  INFO 1028 --- [restartedMain] com.MainLearner                          : No active profile set, falling back to 1 default profile: "default"
2024-08-31T13:15:27.494+05:30  INFO 1028 --- [restartedMain] .e.DevToolsPropertyDefaultsPostProcessor : Devtools property defaults active! Set 'spring.devtools.add-properties' to 'false' to disable
2024-08-31T13:15:27.494+05:30  INFO 1028 --- [restartedMain] .e.DevToolsPropertyDefaultsPostProcessor : For additional web related logging consider setting the 'logging.level.web' property to 'DEBUG'
2024-08-31T13:15:30.089+05:30  INFO 1028 --- [restartedMain] .s.d.r.c.RepositoryConfigurationDelegate : Bootstrapping Spring Data JPA repositories in DEFAULT mode.
2024-08-31T13:15:30.718+05:30  INFO 1028 --- [restartedMain] .s.d.r.c.RepositoryConfigurationDelegate : Finished Spring Data repository scanning in 612 ms. Found 2 JPA repository interfaces.
2024-08-31T13:15:31.081+05:30  INFO 1028 --- [restartedMain] o.s.cloud.context.scope.GenericScope     : BeanFactory id=deffe15e-b9dc-38c6-a17f-9b362ab31d2f
2024-08-31T13:15:31.932+05:30  INFO 1028 --- [restartedMain] o.s.b.w.embedded.tomcat.TomcatWebServer  : Tomcat initialized with port(s): 9002 (http)
2024-08-31T13:15:31.949+05:30  INFO 1028 --- [restartedMain] o.apache.catalina.core.StandardService   : Starting service [Tomcat]
2024-08-31T13:15:31.949+05:30  INFO 1028 --- [restartedMain] o.apache.catalina.core.StandardEngine    : Starting Servlet engine: [Apache Tomcat/10.1.8]
2024-08-31T13:15:32.068+05:30  INFO 1028 --- [restartedMain] o.a.c.c.C.[Tomcat].[localhost].[/]       : Initializing Spring embedded WebApplicationContext
2024-08-31T13:15:32.070+05:30  INFO 1028 --- [restartedMain] w.s.c.ServletWebServerApplicationContext : Root WebApplicationContext: initialization completed in 4574 ms
2024-08-31T13:15:32.297+05:30  INFO 1028 --- [restartedMain] com.zaxxer.hikari.HikariDataSource       : HikariPool-1 - Starting...
2024-08-31T13:15:32.678+05:30  INFO 1028 --- [restartedMain] com.zaxxer.hikari.pool.HikariPool        : HikariPool-1 - Added connection com.mysql.cj.jdbc.ConnectionImpl@7d77383d
2024-08-31T13:15:32.681+05:30  INFO 1028 --- [restartedMain] com.zaxxer.hikari.HikariDataSource       : HikariPool-1 - Start completed.
2024-08-31T13:15:32.725+05:30  INFO 1028 --- [restartedMain] o.hibernate.jpa.internal.util.LogHelper  : HHH000204: Processing PersistenceUnitInfo [name: default]
2024-08-31T13:15:32.798+05:30  INFO 1028 --- [restartedMain] org.hibernate.Version                    : HHH000412: Hibernate ORM core version 6.2.2.Final
2024-08-31T13:15:32.806+05:30  INFO 1028 --- [restartedMain] org.hibernate.cfg.Environment            : HHH000406: Using bytecode reflection optimizer
2024-08-31T13:15:33.094+05:30  INFO 1028 --- [restartedMain] o.h.b.i.BytecodeProviderInitiator        : HHH000021: Bytecode provider name : bytebuddy
2024-08-31T13:15:33.325+05:30  INFO 1028 --- [restartedMain] o.s.o.j.p.SpringPersistenceUnitInfo      : No LoadTimeWeaver setup: ignoring JPA class transformer
2024-08-31T13:15:33.414+05:30  INFO 1028 --- [restartedMain] org.hibernate.orm.dialect                : HHH035001: Using dialect: org.hibernate.dialect.MySQL8Dialect, version: 8.0
2024-08-31T13:15:33.417+05:30  WARN 1028 --- [restartedMain] org.hibernate.orm.deprecation            : HHH90000026: MySQL8Dialect has been deprecated; use org.hibernate.dialect.MySQLDialect instead
2024-08-31T13:15:33.746+05:30  INFO 1028 --- [restartedMain] o.h.b.i.BytecodeProviderInitiator        : HHH000021: Bytecode provider name : bytebuddy
2024-08-31T13:15:34.430+05:30  INFO 1028 --- [restartedMain] o.h.e.t.j.p.i.JtaPlatformInitiator       : HHH000490: Using JtaPlatform implementation: [org.hibernate.engine.transaction.jta.platform.internal.NoJtaPlatform]
2024-08-31T13:15:34.432+05:30  INFO 1028 --- [restartedMain] j.LocalContainerEntityManagerFactoryBean : Initialized JPA EntityManagerFactory for persistence unit 'default'
2024-08-31T13:15:35.043+05:30  WARN 1028 --- [restartedMain] JpaBaseConfiguration$JpaWebConfiguration : spring.jpa.open-in-view is enabled by default. Therefore, database queries may be performed during view rendering. Explicitly configure spring.jpa.open-in-view to disable this warning
2024-08-31T13:15:35.715+05:30  WARN 1028 --- [restartedMain] o.s.b.d.a.OptionalLiveReloadServer       : Unable to start LiveReload server
2024-08-31T13:15:35.807+05:30  INFO 1028 --- [restartedMain] DiscoveryClientOptionalArgsConfiguration : Eureka HTTP Client uses RestTemplate.
2024-08-31T13:15:35.945+05:30  WARN 1028 --- [restartedMain] iguration$LoadBalancerCaffeineWarnLogger : Spring Cloud LoadBalancer is currently working with the default cache. While this cache implementation is useful for development and tests, it's recommended to use Caffeine cache in production.You can switch to using Caffeine cache, by adding it and org.springframework.cache.caffeine.CaffeineCacheManager to the classpath.
2024-08-31T13:15:35.991+05:30  INFO 1028 --- [restartedMain] o.s.c.n.eureka.InstanceInfoFactory       : Setting initial instance status as: STARTING
2024-08-31T13:15:36.130+05:30  INFO 1028 --- [restartedMain] com.netflix.discovery.DiscoveryClient    : Initializing Eureka in region us-east-1
2024-08-31T13:15:36.140+05:30  INFO 1028 --- [restartedMain] c.n.d.s.r.aws.ConfigClusterResolver      : Resolving eureka endpoints via configuration
2024-08-31T13:15:36.168+05:30  INFO 1028 --- [restartedMain] com.netflix.discovery.DiscoveryClient    : Disable delta property : false
2024-08-31T13:15:36.168+05:30  INFO 1028 --- [restartedMain] com.netflix.discovery.DiscoveryClient    : Single vip registry refresh property : null
2024-08-31T13:15:36.168+05:30  INFO 1028 --- [restartedMain] com.netflix.discovery.DiscoveryClient    : Force full registry fetch : false
2024-08-31T13:15:36.168+05:30  INFO 1028 --- [restartedMain] com.netflix.discovery.DiscoveryClient    : Application is null : false
2024-08-31T13:15:36.168+05:30  INFO 1028 --- [restartedMain] com.netflix.discovery.DiscoveryClient    : Registered Applications size is zero : true
2024-08-31T13:15:36.168+05:30  INFO 1028 --- [restartedMain] com.netflix.discovery.DiscoveryClient    : Application version is -1: true
2024-08-31T13:15:36.168+05:30  INFO 1028 --- [restartedMain] com.netflix.discovery.DiscoveryClient    : Getting all instance registry info from the eureka server
2024-08-31T13:15:36.538+05:30  INFO 1028 --- [restartedMain] com.netflix.discovery.DiscoveryClient    : The response status is 200
2024-08-31T13:15:36.543+05:30  INFO 1028 --- [restartedMain] com.netflix.discovery.DiscoveryClient    : Starting heartbeat executor: renew interval is: 30
2024-08-31T13:15:36.547+05:30  INFO 1028 --- [restartedMain] c.n.discovery.InstanceInfoReplicator     : InstanceInfoReplicator onDemand update allowed rate per min is 4
2024-08-31T13:15:36.555+05:30  INFO 1028 --- [restartedMain] com.netflix.discovery.DiscoveryClient    : Discovery Client initialized at timestamp 1725090336553 with initial instances count: 1
2024-08-31T13:15:36.561+05:30  INFO 1028 --- [restartedMain] o.s.c.n.e.s.EurekaServiceRegistry        : Registering application LEARNERMS with eureka with status UP
2024-08-31T13:15:36.563+05:30  INFO 1028 --- [restartedMain] com.netflix.discovery.DiscoveryClient    : Saw local status change event StatusChangeEvent [timestamp=1725090336563, current=UP, previous=STARTING]
2024-08-31T13:15:36.568+05:30  INFO 1028 --- [DiscoveryClient-InstanceInfoReplicator-0] com.netflix.discovery.DiscoveryClient    : DiscoveryClient_LEARNERMS/DESKTOP-98QL2KV.www.stelfiber.in:learnerms:9002: registering service...
2024-08-31T13:15:36.618+05:30  INFO 1028 --- [restartedMain] o.s.b.w.embedded.tomcat.TomcatWebServer  : Tomcat started on port(s): 9002 (http) with context path ''
2024-08-31T13:15:36.620+05:30  INFO 1028 --- [restartedMain] .s.c.n.e.s.EurekaAutoServiceRegistration : Updating port to 9002
2024-08-31T13:15:36.651+05:30  INFO 1028 --- [DiscoveryClient-InstanceInfoReplicator-0] com.netflix.discovery.DiscoveryClient    : DiscoveryClient_LEARNERMS/DESKTOP-98QL2KV.www.stelfiber.in:learnerms:9002 - registration status: 204
2024-08-31T13:15:36.715+05:30  INFO 1028 --- [restartedMain] com.MainLearner                          : Started MainLearner in 9.914 seconds (process running for 10.465)
2024-08-31T13:20:36.188+05:30  INFO 1028 --- [AsyncResolver-bootstrap-executor-0] c.n.d.s.r.aws.ConfigClusterResolver      : Resolving eureka endpoints via configuration
2024-08-31T13:25:36.203+05:30  INFO 1028 --- [AsyncResolver-bootstrap-executor-0] c.n.d.s.r.aws.ConfigClusterResolver      : Resolving eureka endpoints via configuration
2024-08-31T13:30:36.217+05:30  INFO 1028 --- [AsyncResolver-bootstrap-executor-0] c.n.d.s.r.aws.ConfigClusterResolver      : Resolving eureka endpoints via configuration
2024-08-31T13:35:36.240+05:30  INFO 1028 --- [AsyncResolver-bootstrap-executor-0] c.n.d.s.r.aws.ConfigClusterResolver      : Resolving eureka endpoints via configuration
2024-08-31T13:40:36.243+05:30  INFO 1028 --- [AsyncResolver-bootstrap-executor-0] c.n.d.s.r.aws.ConfigClusterResolver      : Resolving eureka endpoints via configuration
